#-----------------------------------------------------------
# Vivado v2017.2 (64-bit)
# SW Build 1909853 on Thu Jun 15 18:39:09 MDT 2017
# IP Build 1909766 on Thu Jun 15 19:58:00 MDT 2017
# Start of session at: Wed Feb 21 18:47:55 2018
# Process ID: 3172
# Current directory: G:/DSED/proyectoFinal/proyectoFinal
# Command line: vivado.exe -gui_launcher_event rodinguilauncherevent8104 G:\DSED\proyectoFinal\proyectoFinal\proyectoFinal.xpr
# Log file: G:/DSED/proyectoFinal/proyectoFinal/vivado.log
# Journal file: G:/DSED/proyectoFinal/proyectoFinal\vivado.jou
#-----------------------------------------------------------
start_gui
open_project G:/DSED/proyectoFinal/proyectoFinal/proyectoFinal.xpr
Scanning sources...
Finished scanning sources
INFO: [IP_Flow 19-234] Refreshing IP repositories
INFO: [IP_Flow 19-1704] No user IP repositories specified
INFO: [IP_Flow 19-2313] Loaded Vivado IP repository 'D:/Programas/Xilinx/Vivado/2017.2/data/ip'.
open_project: Time (s): cpu = 00:00:23 ; elapsed = 00:00:10 . Memory (MB): peak = 798.324 ; gain = 88.281
update_compile_order -fileset sources_1
exit
INFO: [Common 17-206] Exiting Vivado at Wed Feb 21 19:44:55 2018...
